0 info it worked if it ends with ok
1 verbose cli [ 'node', '/usr/bin/npm', 'install', '-g', 'jshint' ]
2 info using npm@1.3.6
3 info using node@v0.10.36
4 verbose cache add [ 'jshint', null ]
5 verbose cache add name=undefined spec="jshint" args=["jshint",null]
6 verbose parsed url { protocol: null,
6 verbose parsed url   slashes: null,
6 verbose parsed url   auth: null,
6 verbose parsed url   host: null,
6 verbose parsed url   port: null,
6 verbose parsed url   hostname: null,
6 verbose parsed url   hash: null,
6 verbose parsed url   search: null,
6 verbose parsed url   query: null,
6 verbose parsed url   pathname: 'jshint',
6 verbose parsed url   path: 'jshint',
6 verbose parsed url   href: 'jshint' }
7 silly lockFile da5c03cb-jshint jshint
8 verbose lock jshint /home/cs3313/.npm/da5c03cb-jshint.lock
9 silly lockFile da5c03cb-jshint jshint
10 silly lockFile da5c03cb-jshint jshint
11 verbose addNamed [ 'jshint', '' ]
12 verbose addNamed [ null, '*' ]
13 silly lockFile a02a2468-jshint jshint@
14 verbose lock jshint@ /home/cs3313/.npm/a02a2468-jshint.lock
15 silly addNameRange { name: 'jshint', range: '*', hasData: false }
16 verbose url raw jshint
17 verbose url resolving [ 'https://registry.npmjs.org/', './jshint' ]
18 verbose url resolved https://registry.npmjs.org/jshint
19 info trying registry request attempt 1 at 14:25:09
20 verbose etag "EX1PROY2HQUDPOBJJSIUQUP5W"
21 http GET https://registry.npmjs.org/jshint
22 http 304 https://registry.npmjs.org/jshint
23 silly registry.get cb [ 304,
23 silly registry.get   { date: 'Mon, 07 Dec 2015 19:25:09 GMT',
23 silly registry.get     via: '1.1 varnish',
23 silly registry.get     'cache-control': 'max-age=60',
23 silly registry.get     etag: '"EX1PROY2HQUDPOBJJSIUQUP5W"',
23 silly registry.get     age: '47',
23 silly registry.get     connection: 'keep-alive',
23 silly registry.get     'x-served-by': 'cache-jfk1031-JFK',
23 silly registry.get     'x-cache': 'HIT',
23 silly registry.get     'x-cache-hits': '3',
23 silly registry.get     'x-timer': 'S1449516309.460206,VS0,VE0',
23 silly registry.get     vary: 'Accept' } ]
24 verbose etag jshint from cache
25 silly addNameRange number 2 { name: 'jshint', range: '*', hasData: true }
26 silly addNameRange versions [ 'jshint',
26 silly addNameRange   [ '0.1.8',
26 silly addNameRange     '0.1.9',
26 silly addNameRange     '0.2.0',
26 silly addNameRange     '0.2.1',
26 silly addNameRange     '0.2.2',
26 silly addNameRange     '0.2.3',
26 silly addNameRange     '0.3.0',
26 silly addNameRange     '0.3.1',
26 silly addNameRange     '0.4.0',
26 silly addNameRange     '0.5.0',
26 silly addNameRange     '0.5.1',
26 silly addNameRange     '0.5.2',
26 silly addNameRange     '0.5.3',
26 silly addNameRange     '0.5.4',
26 silly addNameRange     '0.5.5',
26 silly addNameRange     '0.5.6',
26 silly addNameRange     '0.5.7',
26 silly addNameRange     '0.5.8',
26 silly addNameRange     '0.5.9',
26 silly addNameRange     '0.6.0',
26 silly addNameRange     '0.6.1',
26 silly addNameRange     '0.6.2',
26 silly addNameRange     '0.6.3',
26 silly addNameRange     '0.7.0',
26 silly addNameRange     '0.7.1',
26 silly addNameRange     '0.7.2',
26 silly addNameRange     '0.7.3',
26 silly addNameRange     '0.8.0',
26 silly addNameRange     '0.8.1',
26 silly addNameRange     '0.8.2',
26 silly addNameRange     '0.9.0',
26 silly addNameRange     '0.9.1',
26 silly addNameRange     '1.0.0',
26 silly addNameRange     '1.1.0',
26 silly addNameRange     '2.0.0',
26 silly addNameRange     '2.0.1',
26 silly addNameRange     '2.1.0',
26 silly addNameRange     '2.1.1',
26 silly addNameRange     '2.1.2',
26 silly addNameRange     '2.1.3',
26 silly addNameRange     '2.1.4',
26 silly addNameRange     '2.1.5',
26 silly addNameRange     '2.1.6',
26 silly addNameRange     '2.1.7',
26 silly addNameRange     '2.1.8',
26 silly addNameRange     '2.1.9',
26 silly addNameRange     '2.1.10',
26 silly addNameRange     '2.1.11',
26 silly addNameRange     '2.2.0',
26 silly addNameRange     '2.3.0',
26 silly addNameRange     '2.4.0',
26 silly addNameRange     '2.4.1',
26 silly addNameRange     '2.4.2',
26 silly addNameRange     '2.4.3',
26 silly addNameRange     '2.4.4',
26 silly addNameRange     '2.5.0',
26 silly addNameRange     '2.5.1',
26 silly addNameRange     '2.5.2',
26 silly addNameRange     '2.5.3',
26 silly addNameRange     '2.5.4',
26 silly addNameRange     '2.5.5',
26 silly addNameRange     '2.5.6',
26 silly addNameRange     '2.5.7',
26 silly addNameRange     '2.5.8',
26 silly addNameRange     '2.5.9',
26 silly addNameRange     '2.5.10',
26 silly addNameRange     '2.5.11',
26 silly addNameRange     '2.6.0',
26 silly addNameRange     '2.6.1',
26 silly addNameRange     '2.6.2',
26 silly addNameRange     '2.6.3',
26 silly addNameRange     '2.7.0',
26 silly addNameRange     '2.8.0',
26 silly addNameRange     '2.9.1-rc1' ] ]
27 verbose addNamed [ 'jshint', '2.9.1-rc1' ]
28 verbose addNamed [ '2.9.1-rc1', '2.9.1-rc1' ]
29 silly lockFile 8b42aeab-jshint-2-9-1-rc1 jshint@2.9.1-rc1
30 verbose lock jshint@2.9.1-rc1 /home/cs3313/.npm/8b42aeab-jshint-2-9-1-rc1.lock
31 silly lockFile 8b42aeab-jshint-2-9-1-rc1 jshint@2.9.1-rc1
32 silly lockFile 8b42aeab-jshint-2-9-1-rc1 jshint@2.9.1-rc1
33 silly lockFile a02a2468-jshint jshint@
34 silly lockFile a02a2468-jshint jshint@
35 silly resolved [ { name: 'jshint',
35 silly resolved     version: '2.9.1-rc1',
35 silly resolved     homepage: 'http://jshint.com/',
35 silly resolved     description: 'Static analysis tool for JavaScript',
35 silly resolved     author:
35 silly resolved      { name: 'Anton Kovalyov',
35 silly resolved        email: 'anton@kovalyov.net',
35 silly resolved        url: 'http://anton.kovalyov.net/' },
35 silly resolved     repository: { type: 'git', url: 'https://github.com/jshint/jshint.git' },
35 silly resolved     bugs: { url: 'https://github.com/jshint/jshint/issues' },
35 silly resolved     bin: { jshint: './bin/jshint' },
35 silly resolved     scripts:
35 silly resolved      { 'browser-test-server': 'node tests/helpers/browser/server',
35 silly resolved        build: 'node bin/build',
35 silly resolved        coverage: 'istanbul -- cover ./node_modules/.bin/nodeunit tests/unit',
35 silly resolved        data: 'node scripts/generate-identifier-data',
35 silly resolved        pretest: 'jshint src && jscs src',
35 silly resolved        changelog: 'conventional-changelog -p jshint -i CHANGELOG.md -w',
35 silly resolved        'github-release': 'conventional-github-releaser -p jshint',
35 silly resolved        'test-browser': 'node tests/browser',
35 silly resolved        'test-cli': 'nodeunit tests/cli.js',
35 silly resolved        'test-node': 'npm run test-unit && npm run test-cli && npm run test-regression',
35 silly resolved        'test-regression': 'nodeunit tests/regression',
35 silly resolved        'test-unit': 'nodeunit tests/unit',
35 silly resolved        test: 'npm run test-node && npm run test-browser' },
35 silly resolved     main: './src/jshint.js',
35 silly resolved     dependencies:
35 silly resolved      { cli: '0.6.x',
35 silly resolved        'console-browserify': '1.1.x',
35 silly resolved        exit: '0.1.x',
35 silly resolved        htmlparser2: '3.8.x',
35 silly resolved        minimatch: '2.0.x',
35 silly resolved        shelljs: '0.3.x',
35 silly resolved        'strip-json-comments': '1.0.x',
35 silly resolved        lodash: '3.7.x' },
35 silly resolved     devDependencies:
35 silly resolved      { browserify: '9.x',
35 silly resolved        'conventional-changelog': '0.4.x',
35 silly resolved        'conventional-github-releaser': '0.4.x',
35 silly resolved        coveralls: '2.11.x',
35 silly resolved        istanbul: '0.3.x',
35 silly resolved        jscs: '1.11.x',
35 silly resolved        jshint: '2.6.x',
35 silly resolved        'mock-stdin': '0.3.x',
35 silly resolved        nodeunit: '0.9.x',
35 silly resolved        phantom: '~0.7.2',
35 silly resolved        phantomjs: '1.9.13',
35 silly resolved        regenerate: '1.2.x',
35 silly resolved        sinon: '1.12.x',
35 silly resolved        'unicode-6.3.0': '0.1.x' },
35 silly resolved     license: '(MIT AND JSON)',
35 silly resolved     preferGlobal: true,
35 silly resolved     files: [ 'bin', 'data', 'dist', 'src' ],
35 silly resolved     readme: '# JSHint, A Static Code Analysis Tool for JavaScript\n\n\\[ [Use it online](http://jshint.com/) •\n[Docs](http://jshint.com/docs/) • [FAQ](http://jshint.com/docs/faq) •\n[Install](http://jshint.com/install/) •\n[Contribute](http://jshint.com/contribute/) •\n[Blog](http://jshint.com/blog/) • [Twitter](https://twitter.com/jshint/) \\]\n\n[![NPM version](https://img.shields.io/npm/v/jshint.svg?style=flat)](https://www.npmjs.com/package/jshint)\n[![Linux Build Status](https://img.shields.io/travis/jshint/jshint/master.svg?style=flat&label=Linux%20build)](https://travis-ci.org/jshint/jshint)\n[![Windows Build status](https://img.shields.io/appveyor/ci/jshint/jshint/master.svg?style=flat&label=Windows%20build)](https://ci.appveyor.com/project/jshint/jshint/branch/master)\n[![Dependency Status](https://img.shields.io/david/jshint/jshint.svg?style=flat)](https://david-dm.org/jshint/jshint)\n[![devDependency Status](https://img.shields.io/david/dev/jshint/jshint.svg?style=flat)](https://david-dm.org/jshint/jshint#info=devDependencies)\n[![Coverage Status](https://img.shields.io/coveralls/jshint/jshint.svg?style=flat)](https://coveralls.io/r/jshint/jshint?branch=master)\n\nJSHint is a community-driven tool to detect errors and potential problems in\nJavaScript code and to enforce your team\'s coding conventions. It is very\nflexible so you can easily adjust it to your particular coding guidelines and\nthe environment you expect your code to execute in. JSHint is open source and\nwill always stay this way.\n\n## Our goal\n\nThe goal of this project is to help JavaScript developers write complex programs\nwithout worrying about typos and language gotchas.\n\nAny code base eventually becomes huge at some point, and simple mistakes—that\nwould not show themselves when written—can become show stoppers and waste\nhours of debugging. And this is when static code analysis tools come into play\nand help developers to spot such problems. JSHint scans a program written in\nJavaScript and reports about commonly made mistakes and potential bugs. The\npotential problem could be a syntax error, a bug due to implicit type\nconversion, a leaking variable or something else.\n\nOnly 15% of all programs linted on [jshint.com](http://jshint.com) pass the\nJSHint checks. In all other cases, JSHint finds some red flags that could\'ve\nbeen bugs or potential problems.\n\nPlease note, that while static code analysis tools can spot many different kind\nof mistakes, it can\'t detect if your program is correct, fast or has memory\nleaks. You should always combine tools like JSHint with unit and functional\ntests as well as with code reviews.\n\n## Reporting a bug\n\nTo report a bug simply create a\n[new GitHub Issue](https://github.com/jshint/jshint/issues/new) and describe\nyour problem or suggestion. We welcome all kinds of feedback regarding\nJSHint including but not limited to:\n\n * When JSHint doesn\'t work as expected\n * When JSHint complains about valid JavaScript code that works in all browsers\n * When you simply want a new option or feature\n\nBefore reporting a bug look around to see if there are any open or closed tickets\nthat cover your issue. And remember the wisdom: pull request > bug report > tweet.\n\n## Who uses JSHint?\n\nEngineers from these companies and projects use JSHint:\n\n* [Mozilla](https://www.mozilla.org/)\n* [Wikipedia](https://wikipedia.org/)\n* [Facebook](https://facebook.com/)\n* [Twitter](https://twitter.com/)\n* [Bootstrap](http://getbootstrap.com/)\n* [Disqus](https://disqus.com/)\n* [Medium](https://medium.com/)\n* [Yahoo!](https://yahoo.com/)\n* [SmugMug](http://smugmug.com/)\n* [jQuery](http://jquery.com/)\n* [PDF.js](http://mozilla.github.io/pdf.js)\n* [Coursera](http://coursera.com/)\n* [Adobe Brackets](http://brackets.io/)\n* [Apache Cordova](http://cordova.io/)\n* [RedHat](http://redhat.com/)\n* [SoundCloud](http://soundcloud.com/)\n* [Nodejitsu](http://nodejitsu.com/)\n* [Yelp](https://yelp.com/)\n* [Voxer](http://voxer.com/)\n* [EnyoJS](http://enyojs.com/)\n* [QuickenLoans](http://quickenloans.com/)\n* [oDesk](http://www.odesk.com/)\n* [Cloud9](http://c9.io/)\n* [CodeClimate](https://codeclimate.com/)\n* [Pandoo TEK](http://pandootek.com/)\n* [Zendesk](http://zendesk.com/)\n* [Apache CouchDB](http://couchdb.apache.org/)\n\nAnd many more!\n\n## License\n\nMost files are published using [the standard MIT Expat\nlicense](https://www.gnu.org/licenses/license-list.html#Expat). One file,\nhowever, is provided under a slightly modified version of that license. The\nso-called [JSON license](https://www.gnu.org/licenses/license-list.html#JSON)\nis a non-free license, and unfortunately, we can\'t change it due to historical\nreasons. This license is included as an in-line within the file it concerns.\n\n## The JSHint Team\n\nJSHint is currently maintained by [Rick Waldron](https://github.com/rwaldron/),\n[Caitlin Potter](https://github.com/caitp/), [Mike\nSherov](https://github.com/mikesherov/), [Mike\nPennisi](https://github.com/jugglinmike/), and [Luke\nPage](https://github.com/lukeapage).\n\n## Thank you!\n\nWe really appreciate all kinds of feedback and contributions. Thanks for using and supporting JSHint!\n',
35 silly resolved     readmeFilename: 'README.md',
35 silly resolved     _id: 'jshint@2.9.1-rc1',
35 silly resolved     _from: 'jshint@' } ]
36 info install jshint@2.9.1-rc1 into /usr/lib
37 info installOne jshint@2.9.1-rc1
38 info /usr/lib/node_modules/jshint unbuild
39 verbose tar unpack /home/cs3313/.npm/jshint/2.9.1-rc1/package.tgz
40 silly lockFile 5d4bbf58-tar-usr-lib-node-modules-jshint tar:///usr/lib/node_modules/jshint
41 verbose lock tar:///usr/lib/node_modules/jshint /home/cs3313/.npm/5d4bbf58-tar-usr-lib-node-modules-jshint.lock
42 silly lockFile 1c342d76-npm-jshint-2-9-1-rc1-package-tgz tar:///home/cs3313/.npm/jshint/2.9.1-rc1/package.tgz
43 verbose lock tar:///home/cs3313/.npm/jshint/2.9.1-rc1/package.tgz /home/cs3313/.npm/1c342d76-npm-jshint-2-9-1-rc1-package-tgz.lock
44 silly gunzTarPerm modes [ '755', '644' ]
45 error Error: EACCES, mkdir '/usr/lib/node_modules/jshint'
45 error  { [Error: EACCES, mkdir '/usr/lib/node_modules/jshint']
45 error   errno: 3,
45 error   code: 'EACCES',
45 error   path: '/usr/lib/node_modules/jshint',
45 error   fstream_type: 'Directory',
45 error   fstream_path: '/usr/lib/node_modules/jshint',
45 error   fstream_class: 'DirWriter',
45 error   fstream_stack:
45 error    [ '/usr/lib/node_modules/fstream/lib/dir-writer.js:36:23',
45 error      '/usr/lib/node_modules/mkdirp/index.js:37:53',
45 error      'Object.oncomplete (fs.js:108:15)' ] }
46 error Please try running this command again as root/Administrator.
47 error System Linux 2.6.32-573.1.1.el6.x86_64
48 error command "node" "/usr/bin/npm" "install" "-g" "jshint"
49 error cwd /home/cs3313/opt/cs3313-final-project/tutes
50 error node -v v0.10.36
51 error npm -v 1.3.6
52 error path /usr/lib/node_modules/jshint
53 error fstream_path /usr/lib/node_modules/jshint
54 error fstream_type Directory
55 error fstream_class DirWriter
56 error code EACCES
57 error errno 3
58 error stack Error: EACCES, mkdir '/usr/lib/node_modules/jshint'
59 error fstream_stack /usr/lib/node_modules/fstream/lib/dir-writer.js:36:23
59 error fstream_stack /usr/lib/node_modules/mkdirp/index.js:37:53
59 error fstream_stack Object.oncomplete (fs.js:108:15)
60 verbose exit [ 3, true ]
